<?xml version="1.0" encoding="UTF-8"?>
<!-- Generated by org.testng.reporters.JUnitXMLReporter -->
<testsuite ignored="0" hostname="DESKTOP-80A4HDU" failures="0" tests="3" name="Surefire test" time="37.001" errors="0" timestamp="2024-01-19T15:48:54 IST">
  <testcase classname="com.herokuapp.NegativeTest" name="negativeTests" time="14.715"/>
  <testcase classname="com.herokuapp.PositiveTests" name="login" time="10.877"/>
  <testcase classname="com.herokuapp.PractiseTest" name="practice" time="11.317"/>
</testsuite> <!-- Surefire test -->
